<?xml version="1.0" encoding="utf-8"?><testsuites name="pytest tests"><testsuite name="pytest" errors="0" failures="0" skipped="0" tests="15" time="4.677" timestamp="2026-08-09T08:41:10.770374+00:00" hostname="dask-cluster-scheduler-6bd5b9cbd5-c596v"><testcase classname="tests.pvam.WORK-PVAM-01C.test_flag_runtime_contract.FlagRuntimeContractTests" name="test_tc_flag_01_load_legal_01_snapshot_as_immutable_config" time="0.000" /><testcase classname="tests.pvam.WORK-PVAM-01C.test_flag_runtime_contract.FlagRuntimeContractTests" name="test_tc_flag_02_missing_active_snapshot_fails_loud" time="0.000" /><testcase classname="tests.pvam.WORK-PVAM-01C.test_flag_runtime_contract.FlagRuntimeContractTests" name="test_tc_flag_03_read_missing_fails_loud" time="0.000" /><testcase classname="tests.pvam.WORK-PVAM-01C.test_flag_runtime_contract.FlagRuntimeContractTests" name="test_tc_flag_04_write_missing_fails_loud" time="0.000" /><testcase classname="tests.pvam.WORK-PVAM-01C.test_flag_runtime_contract.FlagRuntimeContractTests" name="test_tc_flag_05_version_missing_fails_loud" time="0.000" /><testcase classname="tests.pvam.WORK-PVAM-01C.test_flag_runtime_contract.FlagRuntimeContractTests" name="test_tc_flag_06_non_canonical_bool_fails_loud" time="0.000" /><testcase classname="tests.pvam.WORK-PVAM-01C.test_flag_runtime_contract.FlagRuntimeContractTests" name="test_tc_flag_07_state_10_is_invalid_for_production" time="0.000" /><testcase classname="tests.pvam.WORK-PVAM-01C.test_flag_runtime_contract.FlagRuntimeContractTests" name="test_tc_flag_08_redis_exception_has_no_fallback" time="0.000" /><testcase classname="tests.pvam.WORK-PVAM-01C.test_flag_runtime_contract.FlagRuntimeContractTests" name="test_tc_flag_09_run_freezes_01_when_provider_later_changes_to_11" time="0.000" /><testcase classname="tests.pvam.WORK-PVAM-01C.test_flag_runtime_contract.FlagRuntimeContractTests" name="test_tc_flag_10_next_production_run_rejects_unapproved_11" time="0.000" /><testcase classname="tests.pvam.WORK-PVAM-01C.test_flag_runtime_contract.FlagRuntimeContractTests" name="test_tc_flag_11_cross_version_or_checksum_fails_loud" time="0.000" /><testcase classname="tests.pvam.WORK-PVAM-01C.test_flag_runtime_contract.FlagRuntimeContractTests" name="test_tc_flag_12_bootstrap_atomically_publishes_complete_01" time="0.000" /><testcase classname="tests.pvam.WORK-PVAM-01C.test_flag_runtime_contract.FlagRuntimeContractTests" name="test_tc_flag_13_consumers_do_not_read_flags_directly" time="4.565" /><testcase classname="tests.pvam.WORK-PVAM-01C.test_flag_runtime_contract.FlagRuntimeContractTests" name="test_tc_flag_22_stale_publish_fails_and_active_is_unchanged" time="0.000" /><testcase classname="tests.pvam.WORK-PVAM-01C.test_flag_runtime_contract.FlagRuntimeContractTests" name="test_tc_flag_23_concurrent_cas_has_no_lost_update" time="0.001" /></testsuite></testsuites>